2016-06-18 01:11:38,278 INFO 3239 [celery.worker.consumer] consumer.py:766 - missed heartbeat from celery@edx.cms.core.high.edx-2-vm
2016-06-18 01:11:38,280 INFO 3239 [celery.worker.consumer] consumer.py:766 - missed heartbeat from celery@edx.lms.core.default.edx-2-vm
2016-06-18 01:11:38,280 INFO 3239 [celery.worker.consumer] consumer.py:766 - missed heartbeat from celery@edx.lms.core.high.edx-2-vm
2016-06-18 01:11:38,282 INFO 3192 [celery.worker.consumer] consumer.py:766 - missed heartbeat from celery@edx.lms.core.high_mem.edx-2-vm
2016-06-18 01:11:38,284 INFO 3192 [celery.worker.consumer] consumer.py:766 - missed heartbeat from celery@edx.cms.core.low.edx-2-vm
2016-06-18 01:11:38,284 INFO 3192 [celery.worker.consumer] consumer.py:766 - missed heartbeat from celery@edx.cms.core.high.edx-2-vm
2016-06-18 01:11:38,286 INFO 3208 [celery.worker.consumer] consumer.py:766 - missed heartbeat from celery@edx.cms.core.low.edx-2-vm
2016-06-18 01:11:38,288 INFO 3208 [celery.worker.consumer] consumer.py:766 - missed heartbeat from celery@edx.cms.core.high.edx-2-vm
2016-06-18 01:11:38,288 INFO 3208 [celery.worker.consumer] consumer.py:766 - missed heartbeat from celery@edx.lms.core.default.edx-2-vm
2016-06-18 01:11:38,288 INFO 3208 [celery.worker.consumer] consumer.py:766 - missed heartbeat from celery@edx.lms.core.high.edx-2-vm
2016-06-18 01:11:38,290 INFO 3251 [celery.worker.consumer] consumer.py:766 - missed heartbeat from celery@edx.lms.core.default.edx-2-vm
2016-06-18 01:11:38,292 INFO 3251 [celery.worker.consumer] consumer.py:766 - missed heartbeat from celery@edx.lms.core.high.edx-2-vm
2016-06-18 01:11:38,301 INFO 3251 [celery.worker.consumer] consumer.py:766 - missed heartbeat from celery@edx.cms.core.default.edx-2-vm
2016-06-18 01:11:38,301 INFO 3251 [celery.worker.consumer] consumer.py:766 - missed heartbeat from celery@edx.lms.core.low.edx-2-vm
2016-06-18 01:11:38,301 INFO 3251 [celery.worker.consumer] consumer.py:766 - missed heartbeat from celery@edx.lms.core.high_mem.edx-2-vm
2016-06-18 01:11:38,302 INFO 3251 [celery.worker.consumer] consumer.py:766 - missed heartbeat from celery@edx.cms.core.low.edx-2-vm
2016-06-18 01:11:38,302 INFO 3192 [celery.worker.consumer] consumer.py:766 - missed heartbeat from celery@edx.lms.core.default.edx-2-vm
2016-06-18 01:11:38,303 INFO 3192 [celery.worker.consumer] consumer.py:766 - missed heartbeat from celery@edx.cms.core.default.edx-2-vm
2016-06-18 01:11:38,303 INFO 3192 [celery.worker.consumer] consumer.py:766 - missed heartbeat from celery@edx.lms.core.low.edx-2-vm
2016-06-18 01:11:38,280 INFO 3239 [celery.worker.consumer] consumer.py:766 - missed heartbeat from celery@edx.lms.core.low.edx-2-vm
2016-06-18 01:11:38,304 INFO 3239 [celery.worker.consumer] consumer.py:766 - missed heartbeat from celery@edx.lms.core.high_mem.edx-2-vm
2016-06-18 01:11:38,304 INFO 3239 [celery.worker.consumer] consumer.py:766 - missed heartbeat from celery@edx.cms.core.low.edx-2-vm
2016-06-18 01:11:38,289 INFO 3208 [celery.worker.consumer] consumer.py:766 - missed heartbeat from celery@edx.cms.core.default.edx-2-vm
2016-06-18 01:11:38,304 INFO 3208 [celery.worker.consumer] consumer.py:766 - missed heartbeat from celery@edx.lms.core.low.edx-2-vm
2016-06-18 01:11:38,272 INFO 3223 [celery.worker.consumer] consumer.py:766 - missed heartbeat from celery@edx.cms.core.high.edx-2-vm
2016-06-18 01:11:38,305 INFO 3223 [celery.worker.consumer] consumer.py:766 - missed heartbeat from celery@edx.lms.core.default.edx-2-vm
2016-06-18 01:11:38,305 INFO 3223 [celery.worker.consumer] consumer.py:766 - missed heartbeat from celery@edx.lms.core.high.edx-2-vm
2016-06-18 01:11:38,305 INFO 3223 [celery.worker.consumer] consumer.py:766 - missed heartbeat from celery@edx.cms.core.default.edx-2-vm
2016-06-18 01:11:38,305 INFO 3223 [celery.worker.consumer] consumer.py:766 - missed heartbeat from celery@edx.lms.core.low.edx-2-vm
2016-06-18 01:11:38,306 INFO 3223 [celery.worker.consumer] consumer.py:766 - missed heartbeat from celery@edx.lms.core.high_mem.edx-2-vm
2016-06-18 01:11:38,274 INFO 3162 [celery.worker.consumer] consumer.py:766 - missed heartbeat from celery@edx.lms.core.high_mem.edx-2-vm
2016-06-18 01:11:38,306 INFO 3162 [celery.worker.consumer] consumer.py:766 - missed heartbeat from celery@edx.cms.core.low.edx-2-vm
2016-06-18 01:11:38,306 INFO 3162 [celery.worker.consumer] consumer.py:766 - missed heartbeat from celery@edx.cms.core.high.edx-2-vm
2016-06-18 01:11:38,306 INFO 3162 [celery.worker.consumer] consumer.py:766 - missed heartbeat from celery@edx.lms.core.default.edx-2-vm
2016-06-18 01:11:38,307 INFO 3162 [celery.worker.consumer] consumer.py:766 - missed heartbeat from celery@edx.lms.core.high.edx-2-vm
2016-06-18 01:11:38,307 INFO 3162 [celery.worker.consumer] consumer.py:766 - missed heartbeat from celery@edx.cms.core.default.edx-2-vm
